17/10/2018 3:01:37 PM, Info: Initializing SIMPLSharp Services...
17/10/2018 3:01:37 PM, Info: ProjectInfo successfully initialized.
17/10/2018 3:02:04 PM, Info: Validating assembly C:\Users\royjo\Desktop\passcode edit\Alpha Hub\bin\Passcode.dll...
17/10/2018 3:02:05 PM, Info: Verifying assembly C:\Users\royjo\Desktop\passcode edit\Alpha Hub\bin\Passcode.dll
17/10/2018 3:02:05 PM, Info: Creating Archive C:\Users\royjo\Desktop\passcode edit\Alpha Hub\bin\Passcode.cpz...
17/10/2018 3:02:05 PM, Info: Saving project information...
17/10/2018 3:02:08 PM, Info: Validating assembly C:\Users\royjo\Desktop\passcode edit\Alpha Hub\bin\Passcode.dll...
17/10/2018 3:02:08 PM, Info: Verifying assembly C:\Users\royjo\Desktop\passcode edit\Alpha Hub\bin\Passcode.dll
17/10/2018 3:02:08 PM, Info: Creating Archive C:\Users\royjo\Desktop\passcode edit\Alpha Hub\bin\Passcode.cpz...
17/10/2018 3:02:09 PM, Info: Saving project information...
17/10/2018 3:04:19 PM, Info: Validating assembly C:\Users\royjo\Desktop\passcode edit\Alpha Hub\bin\Passcode.dll...
17/10/2018 3:04:19 PM, Info: Verifying assembly C:\Users\royjo\Desktop\passcode edit\Alpha Hub\bin\Passcode.dll
17/10/2018 3:04:20 PM, Info: Creating Archive C:\Users\royjo\Desktop\passcode edit\Alpha Hub\bin\Passcode.cpz...
17/10/2018 3:04:20 PM, Info: Saving project information...
17/10/2018 3:06:42 PM, Info: Validating assembly C:\Users\royjo\Desktop\passcode edit\Alpha Hub\bin\Passcode.dll...
17/10/2018 3:06:42 PM, Info: Verifying assembly C:\Users\royjo\Desktop\passcode edit\Alpha Hub\bin\Passcode.dll
17/10/2018 3:06:42 PM, Info: Creating Archive C:\Users\royjo\Desktop\passcode edit\Alpha Hub\bin\Passcode.cpz...
17/10/2018 3:06:43 PM, Info: Saving project information...
17/10/2018 3:09:11 PM, Info: Validating assembly C:\Users\royjo\Desktop\passcode edit\Alpha Hub\bin\Passcode.dll...
17/10/2018 3:09:11 PM, Info: Verifying assembly C:\Users\royjo\Desktop\passcode edit\Alpha Hub\bin\Passcode.dll
17/10/2018 3:09:11 PM, Info: Creating Archive C:\Users\royjo\Desktop\passcode edit\Alpha Hub\bin\Passcode.cpz...
17/10/2018 3:09:12 PM, Info: Saving project information...
17/10/2018 3:11:22 PM, Info: Validating assembly C:\Users\royjo\Desktop\passcode edit\Alpha Hub\bin\Passcode.dll...
17/10/2018 3:11:22 PM, Info: Verifying assembly C:\Users\royjo\Desktop\passcode edit\Alpha Hub\bin\Passcode.dll
17/10/2018 3:11:22 PM, Info: Creating Archive C:\Users\royjo\Desktop\passcode edit\Alpha Hub\bin\Passcode.cpz...
17/10/2018 3:11:23 PM, Info: Saving project information...
17/10/2018 3:13:45 PM, Info: Validating assembly C:\Users\royjo\Desktop\passcode edit\Alpha Hub\bin\Passcode.dll...
17/10/2018 3:13:45 PM, Info: Verifying assembly C:\Users\royjo\Desktop\passcode edit\Alpha Hub\bin\Passcode.dll
17/10/2018 3:13:45 PM, Info: Creating Archive C:\Users\royjo\Desktop\passcode edit\Alpha Hub\bin\Passcode.cpz...
17/10/2018 3:13:46 PM, Info: Saving project information...
17/10/2018 3:17:23 PM, Info: Validating assembly C:\Users\royjo\Desktop\passcode edit\Alpha Hub\bin\Passcode.dll...
17/10/2018 3:17:23 PM, Info: Verifying assembly C:\Users\royjo\Desktop\passcode edit\Alpha Hub\bin\Passcode.dll
17/10/2018 3:17:23 PM, Info: Creating Archive C:\Users\royjo\Desktop\passcode edit\Alpha Hub\bin\Passcode.cpz...
17/10/2018 3:17:24 PM, Info: Saving project information...
17/10/2018 3:19:52 PM, Info: Validating assembly C:\Users\royjo\Desktop\passcode edit\Alpha Hub\bin\Passcode.dll...
17/10/2018 3:19:53 PM, Info: Verifying assembly C:\Users\royjo\Desktop\passcode edit\Alpha Hub\bin\Passcode.dll
17/10/2018 3:19:53 PM, Info: Creating Archive C:\Users\royjo\Desktop\passcode edit\Alpha Hub\bin\Passcode.cpz...
17/10/2018 3:19:53 PM, Info: Saving project information...
17/10/2018 3:20:32 PM, Info: Terminating SIMPLSharp Services
