17/10/2018 2:36:48 PM, Info: Initializing SIMPLSharp Services...
17/10/2018 2:36:48 PM, Info: ProjectInfo successfully initialized.
17/10/2018 2:40:00 PM, Info: Saving project information...
17/10/2018 2:40:00 PM, Info: Saving project information...
17/10/2018 2:40:00 PM, Info: Saving project information...
17/10/2018 2:40:00 PM, Info: Saving project information...
17/10/2018 2:40:00 PM, Info: Saving project information...
17/10/2018 2:40:00 PM, Info: Saving project information...
17/10/2018 2:40:01 PM, Info: Validating assembly C:\Users\royjo\Desktop\passcode edit\Alpha Hub\bin\Passcode.dll...
17/10/2018 2:40:02 PM, Info: Verifying assembly C:\Users\royjo\Desktop\passcode edit\Alpha Hub\bin\Passcode.dll
17/10/2018 2:40:02 PM, Info: Creating Archive C:\Users\royjo\Desktop\passcode edit\Alpha Hub\bin\Passcode.cpz...
17/10/2018 2:40:02 PM, Info: Saving project information...
17/10/2018 2:40:57 PM, Info: Validating assembly C:\Users\royjo\Desktop\passcode edit\Alpha Hub\bin\Passcode.dll...
17/10/2018 2:40:57 PM, Info: Verifying assembly C:\Users\royjo\Desktop\passcode edit\Alpha Hub\bin\Passcode.dll
17/10/2018 2:40:57 PM, Info: Creating Archive C:\Users\royjo\Desktop\passcode edit\Alpha Hub\bin\Passcode.cpz...
17/10/2018 2:40:58 PM, Info: Saving project information...
17/10/2018 2:41:01 PM, Info: Validating assembly C:\Users\royjo\Desktop\passcode edit\Alpha Hub\bin\Passcode.dll...
17/10/2018 2:41:01 PM, Info: Verifying assembly C:\Users\royjo\Desktop\passcode edit\Alpha Hub\bin\Passcode.dll
17/10/2018 2:41:01 PM, Info: Creating Archive C:\Users\royjo\Desktop\passcode edit\Alpha Hub\bin\Passcode.cpz...
17/10/2018 2:41:01 PM, Info: Saving project information...
17/10/2018 2:50:03 PM, Info: Validating assembly C:\Users\royjo\Desktop\passcode edit\Alpha Hub\bin\Passcode.dll...
17/10/2018 2:50:03 PM, Info: Verifying assembly C:\Users\royjo\Desktop\passcode edit\Alpha Hub\bin\Passcode.dll
17/10/2018 2:50:03 PM, Info: Creating Archive C:\Users\royjo\Desktop\passcode edit\Alpha Hub\bin\Passcode.cpz...
17/10/2018 2:50:03 PM, Info: Saving project information...
17/10/2018 2:51:59 PM, Info: Validating assembly C:\Users\royjo\Desktop\passcode edit\Alpha Hub\bin\Passcode.dll...
17/10/2018 2:51:59 PM, Info: Verifying assembly C:\Users\royjo\Desktop\passcode edit\Alpha Hub\bin\Passcode.dll
17/10/2018 2:51:59 PM, Info: Creating Archive C:\Users\royjo\Desktop\passcode edit\Alpha Hub\bin\Passcode.cpz...
17/10/2018 2:52:00 PM, Info: Saving project information...
17/10/2018 2:58:25 PM, Info: Validating assembly C:\Users\royjo\Desktop\passcode edit\Alpha Hub\bin\Passcode.dll...
17/10/2018 2:58:25 PM, Info: Verifying assembly C:\Users\royjo\Desktop\passcode edit\Alpha Hub\bin\Passcode.dll
17/10/2018 2:58:25 PM, Info: Creating Archive C:\Users\royjo\Desktop\passcode edit\Alpha Hub\bin\Passcode.cpz...
17/10/2018 2:58:26 PM, Info: Saving project information...
17/10/2018 3:00:44 PM, Info: Terminating SIMPLSharp Services
